2021-05-30 18:36:14.668  INFO 12328 --- [main] c.e.SpringBootRestServiceApplication     : Starting SpringBootRestServiceApplication using Java 1.8.0_241 on IN2470014W1 with PID 12328 (C:\Users\Harikrishnan.S3\eclipse-workspace\SpringBootRest\SpringBootRestService\SpringBootRestService\target\classes started by Harikrishnan.S3 in C:\Users\Harikrishnan.S3\eclipse-workspace\SpringBootRest\SpringBootRestService\SpringBootRestService)
2021-05-30 18:36:14.671  INFO 12328 --- [main] c.e.SpringBootRestServiceApplication     : No active profile set, falling back to default profiles: default
2021-05-30 18:36:14.819  WARN 12328 --- [background-preinit] o.s.h.c.j.Jackson2ObjectMapperBuilder    : For Jackson Kotlin classes support please add "com.fasterxml.jackson.module:jackson-module-kotlin" to the classpath
2021-05-30 18:36:15.524  INFO 12328 --- [main] .s.d.r.c.RepositoryConfigurationDelegate : Bootstrapping Spring Data JPA repositories in DEFAULT mode.
2021-05-30 18:36:15.639  INFO 12328 --- [main] .s.d.r.c.RepositoryConfigurationDelegate : Finished Spring Data repository scanning in 97 ms. Found 1 JPA repository interfaces.
2021-05-30 18:36:16.825  INFO 12328 --- [main] o.s.b.w.embedded.tomcat.TomcatWebServer  : Tomcat initialized with port(s): 8080 (http)
2021-05-30 18:36:16.859  INFO 12328 --- [main] o.apache.catalina.core.StandardService   : Starting service [Tomcat]
2021-05-30 18:36:16.860  INFO 12328 --- [main] org.apache.catalina.core.StandardEngine  : Starting Servlet engine: [Apache Tomcat/9.0.46]
2021-05-30 18:36:17.057  INFO 12328 --- [main] o.a.c.c.C.[Tomcat].[localhost].[/]       : Initializing Spring embedded WebApplicationContext
2021-05-30 18:36:17.057  INFO 12328 --- [main] w.s.c.ServletWebServerApplicationContext : Root WebApplicationContext: initialization completed in 2340 ms
2021-05-30 18:36:17.299  INFO 12328 --- [main] o.hibernate.jpa.internal.util.LogHelper  : HHH000204: Processing PersistenceUnitInfo [name: default]
2021-05-30 18:36:17.362  INFO 12328 --- [main] org.hibernate.Version                    : HHH000412: Hibernate ORM core version 5.4.31.Final
2021-05-30 18:36:17.644  INFO 12328 --- [main] o.hibernate.annotations.common.Version   : HCANN000001: Hibernate Commons Annotations {5.1.2.Final}
2021-05-30 18:36:17.846  INFO 12328 --- [main] com.zaxxer.hikari.HikariDataSource       : HikariPool-1 - Starting...
2021-05-30 18:36:19.569  INFO 12328 --- [main] com.zaxxer.hikari.HikariDataSource       : HikariPool-1 - Start completed.
2021-05-30 18:36:19.611  INFO 12328 --- [main] org.hibernate.dialect.Dialect            : HHH000400: Using dialect: org.hibernate.dialect.MySQL5InnoDBDialect
2021-05-30 18:36:20.631  INFO 12328 --- [main] o.h.e.t.j.p.i.JtaPlatformInitiator       : HHH000490: Using JtaPlatform implementation: [org.hibernate.engine.transaction.jta.platform.internal.NoJtaPlatform]
2021-05-30 18:36:20.642  INFO 12328 --- [main] j.LocalContainerEntityManagerFactoryBean : Initialized JPA EntityManagerFactory for persistence unit 'default'
2021-05-30 18:36:21.011  WARN 12328 --- [main] JpaBaseConfiguration$JpaWebConfiguration : spring.jpa.open-in-view is enabled by default. Therefore, database queries may be performed during view rendering. Explicitly configure spring.jpa.open-in-view to disable this warning
2021-05-30 18:36:21.563  INFO 12328 --- [main] .s.s.UserDetailsServiceAutoConfiguration : 

Using generated security password: 374efd55-5702-4c90-8e99-1af6f31a9367

2021-05-30 18:36:21.775  INFO 12328 --- [main] o.s.s.web.DefaultSecurityFilterChain     : Will secure any request with [org.springframework.security.web.context.request.async.WebAsyncManagerIntegrationFilter@100eeedc, org.springframework.security.web.context.SecurityContextPersistenceFilter@2b5f8e61, org.springframework.security.web.header.HeaderWriterFilter@34cf0e80, org.springframework.security.web.csrf.CsrfFilter@5c0e2ec, org.springframework.security.web.authentication.logout.LogoutFilter@52285a5f, org.springframework.security.web.authentication.UsernamePasswordAuthenticationFilter@61c87f1b, org.springframework.security.web.authentication.ui.DefaultLoginPageGeneratingFilter@224e6e88, org.springframework.security.web.authentication.ui.DefaultLogoutPageGeneratingFilter@56266bda, org.springframework.security.web.authentication.www.BasicAuthenticationFilter@18dac12f, org.springframework.security.web.savedrequest.RequestCacheAwareFilter@73b0ed03, org.springframework.security.web.servletapi.SecurityContextHolderAwareRequestFilter@7f2c995b, org.springframework.security.web.authentication.AnonymousAuthenticationFilter@18bb1b88, org.springframework.security.web.session.SessionManagementFilter@56f9de3b, org.springframework.security.web.access.ExceptionTranslationFilter@4ae49387, org.springframework.security.web.access.intercept.FilterSecurityInterceptor@47f0f414]
2021-05-30 18:36:21.910  INFO 12328 --- [main] o.s.b.w.embedded.tomcat.TomcatWebServer  : Tomcat started on port(s): 8080 (http) with context path ''
2021-05-30 18:36:21.930  INFO 12328 --- [main] c.e.SpringBootRestServiceApplication     : Started SpringBootRestServiceApplication in 8.004 seconds (JVM running for 9.894)
2021-05-30 18:36:21.932  INFO 12328 --- [main] o.s.b.a.ApplicationAvailabilityBean      : Application availability state LivenessState changed to CORRECT
2021-05-30 18:36:21.936  INFO 12328 --- [main] o.s.b.a.ApplicationAvailabilityBean      : Application availability state ReadinessState changed to ACCEPTING_TRAFFIC
2021-05-30 18:37:01.580  INFO 12328 --- [http-nio-8080-exec-2] o.a.c.c.C.[Tomcat].[localhost].[/]       : Initializing Spring DispatcherServlet 'dispatcherServlet'
2021-05-30 18:37:01.581  INFO 12328 --- [http-nio-8080-exec-2] o.s.web.servlet.DispatcherServlet        : Initializing Servlet 'dispatcherServlet'
2021-05-30 18:37:01.585  INFO 12328 --- [http-nio-8080-exec-2] o.s.web.servlet.DispatcherServlet        : Completed initialization in 2 ms
2021-05-30 18:37:57.368  INFO 12328 --- [RMI TCP Connection(5)-127.0.0.1] inMXBeanRegistrar$SpringApplicationAdmin : Application shutdown requested.
2021-05-30 18:37:57.368  INFO 12328 --- [RMI TCP Connection(5)-127.0.0.1] o.s.b.a.ApplicationAvailabilityBean      : Application availability state ReadinessState changed from ACCEPTING_TRAFFIC to REFUSING_TRAFFIC
